Fri Oct 08 14:57:11 CST 2021  [debug] AvalonLogSystem initialized using logfile 'E:\code\JSPµÚ¶þ½×¶Î\day-075-servlet\.metadata\.plugins\com.genuitec.eclipse.templates\velocity.log'
Fri Oct 08 14:57:11 CST 2021   [info] ************************************************************** 
Fri Oct 08 14:57:11 CST 2021   [info] Starting Jakarta Velocity v1.4
Fri Oct 08 14:57:11 CST 2021   [info] RuntimeInstance initializing.
Fri Oct 08 14:57:11 CST 2021   [info] Default Properties File: org\apache\velocity\runtime\defaults\velocity.properties
Fri Oct 08 14:57:11 CST 2021   [info] Trying to use logger class org.apache.velocity.runtime.log.AvalonLogSystem
Fri Oct 08 14:57:11 CST 2021   [info] Using logger class org.apache.velocity.runtime.log.AvalonLogSystem
Fri Oct 08 14:57:11 CST 2021   [info] Default ResourceManager initializing. (class org.apache.velocity.runtime.resource.ResourceManagerImpl)
Fri Oct 08 14:57:11 CST 2021   [info] Resource Loader Instantiated: com.genuitec.eclipse.templates.internal.PluginResourceLoader
Fri Oct 08 14:57:11 CST 2021   [info] ResourceCache : initialized. (class org.apache.velocity.runtime.resource.ResourceCacheImpl)
Fri Oct 08 14:57:11 CST 2021   [info] Default ResourceManager initialization complete.
Fri Oct 08 14:57:11 CST 2021   [info] Loaded System Directive: org.apache.velocity.runtime.directive.Literal
Fri Oct 08 14:57:11 CST 2021   [info] Loaded System Directive: org.apache.velocity.runtime.directive.Macro
Fri Oct 08 14:57:11 CST 2021   [info] Loaded System Directive: org.apache.velocity.runtime.directive.Parse
Fri Oct 08 14:57:11 CST 2021   [info] Loaded System Directive: org.apache.velocity.runtime.directive.Include
Fri Oct 08 14:57:11 CST 2021   [info] Loaded System Directive: org.apache.velocity.runtime.directive.Foreach
Fri Oct 08 14:57:11 CST 2021   [info] Created: 20 parsers.
Fri Oct 08 14:57:11 CST 2021   [info] Velocimacro : initialization starting.
Fri Oct 08 14:57:11 CST 2021   [info] Velocimacro : adding VMs from VM library template : VM_global_library.vm
Fri Oct 08 14:57:11 CST 2021   [info] ResourceManager : found VM_global_library.vm with loader com.genuitec.eclipse.templates.internal.PluginResourceLoader
Fri Oct 08 14:57:11 CST 2021   [info] Velocimacro :  VM library template macro registration complete.
Fri Oct 08 14:57:11 CST 2021   [info] Velocimacro : allowInline = true : VMs can be defined inline in templates
Fri Oct 08 14:57:11 CST 2021   [info] Velocimacro : allowInlineToOverride = true : VMs defined inline may replace previous VM definitions
Fri Oct 08 14:57:11 CST 2021   [info] Velocimacro : allowInlineLocal = true : VMs defined inline will be local to their defining template only.
Fri Oct 08 14:57:11 CST 2021   [info] Velocimacro : messages on  : VM system will output logging messages
Fri Oct 08 14:57:11 CST 2021   [info] Velocimacro : autoload off  : VM system will not automatically reload global library macros
Fri Oct 08 14:57:11 CST 2021   [info] Velocimacro : initialization complete.
Fri Oct 08 14:57:11 CST 2021   [info] Velocity successfully started.
Fri Oct 08 14:57:11 CST 2021   [info] ResourceManager : found /templates/velocity/welcome/Jsp.vtl with loader com.genuitec.eclipse.templates.internal.PluginResourceLoader
